#
# There is insufficient memory for the Java Runtime Environment to continue.
# Native memory allocation (malloc) failed to allocate 1374032 bytes for Chunk::new
# Possible reasons:
#   The system is out of physical RAM or swap space
#   In 32 bit mode, the process size limit was hit
# Possible solutions:
#   Reduce memory load on the system
#   Increase physical memory or swap space
#   Check if swap backing store is full
#   Use 64 bit Java on a 64 bit OS
#   Decrease Java heap size (-Xmx/-Xms)
#   Decrease number of Java threads
#   Decrease Java thread stack sizes (-Xss)
#   Set larger code cache with -XX:ReservedCodeCacheSize=
# This output file may be truncated or incomplete.
#
#  Out of Memory Error (allocation.cpp:390), pid=14368, tid=0x0000000000005704
#
# JRE version: Java(TM) SE Runtime Environment (8.0_101-b13) (build 1.8.0_101-b13)
# Java VM: Java HotSpot(TM) 64-Bit Server VM (25.101-b13 mixed mode windows-amd64 compressed oops)
# Failed to write core dump. Minidumps are not enabled by default on client versions of Windows
#

---------------  T H R E A D  ---------------

Current thread (0x00000000159ee800):  JavaThread "C2 CompilerThread0" daemon [_thread_in_native, id=22276, stack(0x00000000172f0000,0x00000000173f0000)]

Stack: [0x00000000172f0000,0x00000000173f0000]
[error occurred during error reporting (printing stack bounds), id 0xc0000005]

Native frames: (J=compiled Java code, j=interpreted, Vv=VM code, C=native code)


Current CompileTask:
C2:3105993 10160       4       java.lang.String::format (16 bytes)


---------------  P R O C E S S  ---------------

Java Threads: ( => current thread )
  0x000000001d0e9800 JavaThread "Stdin handler" [_thread_blocked, id=12052, stack(0x00000000260b0000,0x00000000261b0000)]
  0x000000001d0ea000 JavaThread "Cancel handler" [_thread_blocked, id=7340, stack(0x0000000025fb0000,0x00000000260b0000)]
  0x000000001d0ee800 JavaThread "Handler for socket connection from /127.0.0.1:50711 to /127.0.0.1:50816" [_thread_in_native, id=22156, stack(0x0000000025eb0000,0x0000000025fb0000)]
  0x000000001a5a1000 JavaThread "Daemon worker Thread 2" [_thread_in_native, id=11912, stack(0x00000000244b0000,0x00000000245b0000)]
  0x000000001a5a2800 JavaThread "Daemon Thread 2" [_thread_blocked, id=23072, stack(0x00000000241b0000,0x00000000242b0000)]
  0x000000001a5a0000 JavaThread "pool-2-thread-4" [_thread_blocked, id=13352, stack(0x00000000227b0000,0x00000000228b0000)]
  0x000000001a5a7000 JavaThread "pool-2-thread-3" [_thread_blocked, id=22032, stack(0x00000000226b0000,0x00000000227b0000)]
  0x000000001a5a6000 JavaThread "pool-2-thread-1" [_thread_blocked, id=12652, stack(0x00000000225b0000,0x00000000226b0000)]
  0x000000001a5a5800 JavaThread "pool-2-thread-2" [_thread_blocked, id=14440, stack(0x00000000224b0000,0x00000000225b0000)]
  0x000000001a5a1800 JavaThread "File lock request listener" [_thread_in_native, id=18784, stack(0x000000001ae40000,0x000000001af40000)]
  0x0000000018491000 JavaThread "Incoming local TCP Connector on port 50711" [_thread_in_native, id=13520, stack(0x0000000017ff0000,0x00000000180f0000)]
  0x0000000016f7e000 JavaThread "Service Thread" daemon [_thread_blocked, id=24252, stack(0x00000000175f0000,0x00000000176f0000)]
  0x0000000016f1a800 JavaThread "C1 CompilerThread2" daemon [_thread_blocked, id=22684, stack(0x00000000174f0000,0x00000000175f0000)]
  0x0000000016ef4800 JavaThread "C2 CompilerThread1" daemon [_thread_blocked, id=8044, stack(0x00000000173f0000,0x00000000174f0000)]
=>0x00000000159ee800 JavaThread "C2 CompilerThread0" daemon [_thread_in_native, id=22276, stack(0x00000000172f0000,0x00000000173f0000)]
  0x00000000159ec800 JavaThread "Attach Listener" daemon [_thread_blocked, id=18928, stack(0x0000000016df0000,0x0000000016ef0000)]
  0x00000000159a1000 JavaThread "Signal Dispatcher" daemon [_thread_blocked, id=23964, stack(0x0000000016cf0000,0x0000000016df0000)]
  0x00000000032bd000 JavaThread "Finalizer" daemon [_thread_blocked, id=6960, stack(0x0000000016bf0000,0x0000000016cf0000)]
  0x0000000015959800 JavaThread "Reference Handler" daemon [_thread_blocked, id=17280, stack(0x0000000016af0000,0x0000000016bf0000)]
  0x00000000031c2800 JavaThread "main" [_thread_blocked, id=8396, stack(0x0000000003060000,0x0000000003160000)]

Other Threads:
  0x0000000015958800 VMThread [stack: 0x00000000169f0000,0x0000000016af0000] [id=4008]
  0x0000000016fcf800 WatcherThread [stack: 0x00000000176f0000,0x00000000177f0000] [id=24012]

VM state:not at safepoint (normal execution)

VM Mutex/Monitor currently owned by a thread: None

Heap:
 PSYoungGen      total 89600K, used 65783K [0x00000000eab00000, 0x00000000f1800000, 0x0000000100000000)
  eden space 73216K, 84% used [0x00000000eab00000,0x00000000ee71ddb0,0x00000000ef280000)
  from space 16384K, 25% used [0x00000000f0280000,0x00000000f06a0000,0x00000000f1280000)
  to   space 16384K, 0% used [0x00000000ef280000,0x00000000ef280000,0x00000000f0280000)
 ParOldGen       total 62464K, used 28899K [0x00000000c0000000, 0x00000000c3d00000, 0x00000000eab00000)
  object space 62464K, 46% used [0x00000000c0000000,0x00000000c1c38f18,0x00000000c3d00000)
 Metaspace       used 55630K, capacity 56774K, committed 57088K, reserved 1099776K
  class space    used 7381K, capacity 7646K, committed 7680K, reserved 1048576K

Card table byte_map: [0x0000000012680000,0x0000000012890000] byte_map_base: 0x0000000012080000

Marking Bits: (ParMarkBitMap*) 0x000000005f90a6d0
 Begin Bits: [0x0000000012df0000, 0x0000000013df0000)
 End Bits:   [0x0000000013df0000, 0x0000000014df0000)

Polling page: 0x0000000001490000

CodeCache: size=245760Kb used=29400Kb max_used=29400Kb free=216359Kb
 bounds [0x00000000032c0000, 0x0000000004fa0000, 0x00000000122c0000]
 total_blobs=9152 nmethods=8421 adapters=642
 compilation: enabled

Compilation events (10 events):
Event: 3103.357 Thread 0x0000000016ef4800 nmethod 10240 0x0000000004f98690 code [0x0000000004f98820, 0x0000000004f98b28]
Event: 3103.357 Thread 0x0000000016ef4800 10241       4       org.gradle.model.internal.registry.ModelNodeInternal::getPromise (49 bytes)
Event: 3103.357 Thread 0x0000000016f1a800 nmethod 10243 0x0000000004f98150 code [0x0000000004f982c0, 0x0000000004f98570]
Event: 3103.357 Thread 0x0000000016f1a800 10244   !   3       org.gradle.internal.event.DefaultListenerManager::getBroadcasterInternal (152 bytes)
Event: 3103.358 Thread 0x0000000016ef4800 nmethod 10241 0x0000000004f96990 code [0x0000000004f96ac0, 0x0000000004f96b78]
Event: 3103.358 Thread 0x0000000016f1a800 nmethod 10244 0x0000000004f9a9d0 code [0x0000000004f9ac60, 0x0000000004f9be68]
Event: 3103.849 Thread 0x0000000016f1a800 10245       3       java.io.File::delete (33 bytes)
Event: 3103.850 Thread 0x0000000016f1a800 nmethod 10245 0x0000000004f97110 code [0x0000000004f97300, 0x0000000004f97d08]
Event: 3103.850 Thread 0x0000000016f1a800 10246       3       java.io.WinNTFileSystem::delete (20 bytes)
Event: 3103.850 Thread 0x0000000016f1a800 nmethod 10246 0x0000000004f95a10 code [0x0000000004f95bc0, 0x0000000004f962e8]

GC Heap History (10 events):
Event: 63.859 GC heap before
{Heap before GC invocations=24 (full 3):
 PSYoungGen      total 91648K, used 11485K [0x00000000eab00000, 0x00000000f1580000, 0x0000000100000000)
  eden space 75264K, 0% used [0x00000000eab00000,0x00000000eab00000,0x00000000ef480000)
  from space 16384K, 70% used [0x00000000ef480000,0x00000000effb75e8,0x00000000f0480000)
  to   space 16896K, 0% used [0x00000000f0500000,0x00000000f0500000,0x00000000f1580000)
 ParOldGen       total 62464K, used 34831K [0x00000000c0000000, 0x00000000c3d00000, 0x00000000eab00000)
  object space 62464K, 55% used [0x00000000c0000000,0x00000000c2203fc0,0x00000000c3d00000)
 Metaspace       used 54522K, capacity 55560K, committed 55808K, reserved 1097728K
  class space    used 7353K, capacity 7640K, committed 7680K, reserved 1048576K
Event: 64.210 GC heap after
Heap after GC invocations=24 (full 3):
 PSYoungGen      total 91648K, used 0K [0x00000000eab00000, 0x00000000f1580000, 0x0000000100000000)
  eden space 75264K, 0% used [0x00000000eab00000,0x00000000eab00000,0x00000000ef480000)
  from space 16384K, 0% used [0x00000000ef480000,0x00000000ef480000,0x00000000f0480000)
  to   space 16896K, 0% used [0x00000000f0500000,0x00000000f0500000,0x00000000f1580000)
 ParOldGen       total 62464K, used 36520K [0x00000000c0000000, 0x00000000c3d00000, 0x00000000eab00000)
  object space 62464K, 58% used [0x00000000c0000000,0x00000000c23aa160,0x00000000c3d00000)
 Metaspace       used 54522K, capacity 55560K, committed 55808K, reserved 1097728K
  class space    used 7353K, capacity 7640K, committed 7680K, reserved 1048576K
}
Event: 3030.361 GC heap before
{Heap before GC invocations=25 (full 3):
 PSYoungGen      total 91648K, used 75264K [0x00000000eab00000, 0x00000000f1580000, 0x0000000100000000)
  eden space 75264K, 100% used [0x00000000eab00000,0x00000000ef480000,0x00000000ef480000)
  from space 16384K, 0% used [0x00000000ef480000,0x00000000ef480000,0x00000000f0480000)
  to   space 16896K, 0% used [0x00000000f0500000,0x00000000f0500000,0x00000000f1580000)
 ParOldGen       total 62464K, used 36520K [0x00000000c0000000, 0x00000000c3d00000, 0x00000000eab00000)
  object space 62464K, 58% used [0x00000000c0000000,0x00000000c23aa160,0x00000000c3d00000)
 Metaspace       used 55135K, capacity 56252K, committed 56320K, reserved 1097728K
  class space    used 7376K, capacity 7674K, committed 7680K, reserved 1048576K
Event: 3031.016 GC heap after
Heap after GC invocations=25 (full 3):
 PSYoungGen      total 87040K, used 5914K [0x00000000eab00000, 0x00000000f1280000, 0x0000000100000000)
  eden space 73216K, 0% used [0x00000000eab00000,0x00000000eab00000,0x00000000ef280000)
  from space 13824K, 42% used [0x00000000f0500000,0x00000000f0ac68c8,0x00000000f1280000)
  to   space 16384K, 0% used [0x00000000ef280000,0x00000000ef280000,0x00000000f0280000)
 ParOldGen       total 62464K, used 36528K [0x00000000c0000000, 0x00000000c3d00000, 0x00000000eab00000)
  object space 62464K, 58% used [0x00000000c0000000,0x00000000c23ac160,0x00000000c3d00000)
 Metaspace       used 55135K, capacity 56252K, committed 56320K, reserved 1097728K
  class space    used 7376K, capacity 7674K, committed 7680K, reserved 1048576K
}
Event: 3053.656 GC heap before
{Heap before GC invocations=26 (full 3):
 PSYoungGen      total 87040K, used 30688K [0x00000000eab00000, 0x00000000f1280000, 0x0000000100000000)
  eden space 73216K, 33% used [0x00000000eab00000,0x00000000ec331a58,0x00000000ef280000)
  from space 13824K, 42% used [0x00000000f0500000,0x00000000f0ac68c8,0x00000000f1280000)
  to   space 16384K, 0% used [0x00000000ef280000,0x00000000ef280000,0x00000000f0280000)
 ParOldGen       total 62464K, used 36528K [0x00000000c0000000, 0x00000000c3d00000, 0x00000000eab00000)
  object space 62464K, 58% used [0x00000000c0000000,0x00000000c23ac160,0x00000000c3d00000)
 Metaspace       used 55219K, capacity 56392K, committed 56576K, reserved 1097728K
  class space    used 7386K, capacity 7676K, committed 7680K, reserved 1048576K
Event: 3053.692 GC heap after
Heap after GC invocations=26 (full 3):
 PSYoungGen      total 89600K, used 3408K [0x00000000eab00000, 0x00000000f1280000, 0x0000000100000000)
  eden space 73216K, 0% used [0x00000000eab00000,0x00000000eab00000,0x00000000ef280000)
  from space 16384K, 20% used [0x00000000ef280000,0x00000000ef5d4010,0x00000000f0280000)
  to   space 16384K, 0% used [0x00000000f0280000,0x00000000f0280000,0x00000000f1280000)
 ParOldGen       total 62464K, used 36536K [0x00000000c0000000, 0x00000000c3d00000, 0x00000000eab00000)
  object space 62464K, 58% used [0x00000000c0000000,0x00000000c23ae160,0x00000000c3d00000)
 Metaspace       used 55219K, capacity 56392K, committed 56576K, reserved 1097728K
  class space    used 7386K, capacity 7676K, committed 7680K, reserved 1048576K
}
Event: 3053.692 GC heap before
{Heap before GC invocations=27 (full 4):
 PSYoungGen      total 89600K, used 3408K [0x00000000eab00000, 0x00000000f1280000, 0x0000000100000000)
  eden space 73216K, 0% used [0x00000000eab00000,0x00000000eab00000,0x00000000ef280000)
  from space 16384K, 20% used [0x00000000ef280000,0x00000000ef5d4010,0x00000000f0280000)
  to   space 16384K, 0% used [0x00000000f0280000,0x00000000f0280000,0x00000000f1280000)
 ParOldGen       total 62464K, used 36536K [0x00000000c0000000, 0x00000000c3d00000, 0x00000000eab00000)
  object space 62464K, 58% used [0x00000000c0000000,0x00000000c23ae160,0x00000000c3d00000)
 Metaspace       used 55219K, capacity 56392K, committed 56576K, reserved 1097728K
  class space    used 7386K, capacity 7676K, committed 7680K, reserved 1048576K
Event: 3054.468 GC heap after
Heap after GC invocations=27 (full 4):
 PSYoungGen      total 89600K, used 0K [0x00000000eab00000, 0x00000000f1280000, 0x0000000100000000)
  eden space 73216K, 0% used [0x00000000eab00000,0x00000000eab00000,0x00000000ef280000)
  from space 16384K, 0% used [0x00000000ef280000,0x00000000ef280000,0x00000000f0280000)
  to   space 16384K, 0% used [0x00000000f0280000,0x00000000f0280000,0x00000000f1280000)
 ParOldGen       total 62464K, used 28891K [0x00000000c0000000, 0x00000000c3d00000, 0x00000000eab00000)
  object space 62464K, 46% used [0x00000000c0000000,0x00000000c1c36f18,0x00000000c3d00000)
 Metaspace       used 54735K, capacity 55560K, committed 56576K, reserved 1097728K
  class space    used 7271K, capacity 7462K, committed 7680K, reserved 1048576K
}
Event: 3101.470 GC heap before
{Heap before GC invocations=28 (full 4):
 PSYoungGen      total 89600K, used 73216K [0x00000000eab00000, 0x00000000f1280000, 0x0000000100000000)
  eden space 73216K, 100% used [0x00000000eab00000,0x00000000ef280000,0x00000000ef280000)
  from space 16384K, 0% used [0x00000000ef280000,0x00000000ef280000,0x00000000f0280000)
  to   space 16384K, 0% used [0x00000000f0280000,0x00000000f0280000,0x00000000f1280000)
 ParOldGen       total 62464K, used 28891K [0x00000000c0000000, 0x00000000c3d00000, 0x00000000eab00000)
  object space 62464K, 46% used [0x00000000c0000000,0x00000000c1c36f18,0x00000000c3d00000)
 Metaspace       used 55233K, capacity 56278K, committed 56832K, reserved 1097728K
  class space    used 7324K, capacity 7539K, committed 7680K, reserved 1048576K
Event: 3101.515 GC heap after
Heap after GC invocations=28 (full 4):
 PSYoungGen      total 89600K, used 4224K [0x00000000eab00000, 0x00000000f1800000, 0x0000000100000000)
  eden space 73216K, 0% used [0x00000000eab00000,0x00000000eab00000,0x00000000ef280000)
  from space 16384K, 25% used [0x00000000f0280000,0x00000000f06a0000,0x00000000f1280000)
  to   space 16384K, 0% used [0x00000000ef280000,0x00000000ef280000,0x00000000f0280000)
 ParOldGen       total 62464K, used 28899K [0x00000000c0000000, 0x00000000c3d00000, 0x00000000eab00000)
  object space 62464K, 46% used [0x00000000c0000000,0x00000000c1c38f18,0x00000000c3d00000)
 Metaspace       used 55233K, capacity 56278K, committed 56832K, reserved 1097728K
  class space    used 7324K, capacity 7539K, committed 7680K, reserved 1048576K
}

Deoptimization events (10 events):
Event: 3102.291 Thread 0x000000001a5a1000 Uncommon trap: reason=bimorphic action=maybe_recompile pc=0x0000000004abf5d4 method=com.google.common.collect.AbstractMapBasedMultimap.put(Ljava/lang/Object;Ljava/lang/Object;)Z @ 5
Event: 3102.298 Thread 0x000000001a5a1000 Uncommon trap: reason=class_check action=maybe_recompile pc=0x0000000004b254e4 method=com.google.common.collect.AbstractMapBasedMultimap$WrappedCollection.refreshIfEmpty()V @ 40
Event: 3102.298 Thread 0x000000001a5a1000 Uncommon trap: reason=class_check action=maybe_recompile pc=0x0000000004b14cd8 method=com.google.common.collect.AbstractMapBasedMultimap.iteratorOrListIterator(Ljava/util/Collection;)Ljava/util/Iterator; @ 1
Event: 3102.298 Thread 0x000000001a5a1000 Uncommon trap: reason=class_check action=maybe_recompile pc=0x000000000442acfc method=com.google.common.collect.AbstractMapBasedMultimap$WrappedCollection.refreshIfEmpty()V @ 40
Event: 3102.298 Thread 0x000000001a5a1000 Uncommon trap: reason=class_check action=maybe_recompile pc=0x000000000442c8ac method=com.google.common.collect.AbstractMapBasedMultimap$WrappedCollection.refreshIfEmpty()V @ 40
Event: 3102.302 Thread 0x000000001a5a1000 Uncommon trap: reason=class_check action=maybe_recompile pc=0x000000000442acfc method=com.google.common.collect.AbstractMapBasedMultimap$WrappedCollection.refreshIfEmpty()V @ 40
Event: 3102.733 Thread 0x000000001a5a1000 Uncommon trap: reason=unstable_if action=reinterpret pc=0x0000000004e8ddd8 method=org.codehaus.groovy.util.ReferenceManager$2.afterReferenceCreation(Lorg/codehaus/groovy/util/Reference;)V @ 8
Event: 3102.763 Thread 0x000000001a5a1000 Uncommon trap: reason=unstable_if action=reinterpret pc=0x0000000003b2ba30 method=java.lang.ref.SoftReference.get()Ljava/lang/Object; @ 6
Event: 3102.764 Thread 0x000000001a5a1000 Uncommon trap: reason=unstable_if action=reinterpret pc=0x0000000003ae8db4 method=java.lang.ref.SoftReference.get()Ljava/lang/Object; @ 6
Event: 3102.873 Thread 0x000000001a5a1000 Uncommon trap: reason=bimorphic action=maybe_recompile pc=0x0000000003c6ed84 method=org.codehaus.groovy.runtime.metaclass.MetaMethodIndex.addMethodToList(Ljava/lang/Object;Lgroovy/lang/MetaMethod;)Ljava/lang/Object; @ 91

Internal exceptions (10 events):
Event: 3100.081 Thread 0x000000001a5a1000 Exception <a 'java/lang/NoSuchMethodError': <clinit>> (0x00000000eafb5518) thrown at [C:\re\workspace\8-2-build-windows-amd64-cygwin\jdk8u101\7261\hotspot\src\share\vm\prims\jni.cpp, line 1613]
Event: 3100.375 Thread 0x000000001a5a1000 Implicit null exception at 0x0000000003a4d903 to 0x0000000003a4de6d
Event: 3100.376 Thread 0x000000001a5a1000 Implicit null exception at 0x00000000040a8941 to 0x00000000040a939d
Event: 3100.404 Thread 0x000000001a5a1000 Implicit null exception at 0x0000000003eb0923 to 0x0000000003eb0f75
Event: 3100.404 Thread 0x000000001a5a1000 Implicit null exception at 0x00000000042a53c1 to 0x00000000042a5e1d
Event: 3100.411 Thread 0x000000001a5a1000 Exception <a 'java/lang/ClassNotFoundException': asLocalRepo52_3kejsfslkylej3d3vqco9udu1BeanInfo> (0x00000000eb1b10c0) thrown at [C:\re\workspace\8-2-build-windows-amd64-cygwin\jdk8u101\7261\hotspot\src\share\vm\classfile\systemDictionary.cpp, line 210]
Event: 3100.412 Thread 0x000000001a5a1000 Exception <a 'java/lang/ClassNotFoundException': asLocalRepo52_3kejsfslkylej3d3vqco9udu1Customizer> (0x00000000eb1ba550) thrown at [C:\re\workspace\8-2-build-windows-amd64-cygwin\jdk8u101\7261\hotspot\src\share\vm\classfile\systemDictionary.cpp, line 210]
Event: 3102.763 Thread 0x000000001a5a1000 Implicit null exception at 0x0000000003b26044 to 0x0000000003b2b9fd
Event: 3102.763 Thread 0x000000001a5a1000 Implicit null exception at 0x0000000003ae1e2f to 0x0000000003ae8d79
Event: 3103.269 Thread 0x000000001a5a1000 Exception <a 'java/lang/SecurityException'> (0x00000000edf62b28) thrown at [C:\re\workspace\8-2-build-windows-amd64-cygwin\jdk8u101\7261\hotspot\src\share\vm\prims\jvm.cpp, line 1390]

Events (10 events):
Event: 3103.281 loading class groovy/runtime/metaclass/com/android/build/gradle/internal/tasks/IncrementalTaskMetaClass
Event: 3103.281 loading class groovy/runtime/metaclass/com/android/build/gradle/internal/tasks/IncrementalTaskMetaClass done
Event: 3103.331 loading class groovy/runtime/metaclass/java/util/ArrayListMetaClass
Event: 3103.331 loading class groovy/runtime/metaclass/java/util/ArrayListMetaClass done
Event: 3103.333 loading class groovy/lang/GroovyRuntimeException
Event: 3103.333 loading class groovy/lang/GroovyRuntimeException done
Event: 3103.334 loading class org/codehaus/groovy/runtime/typehandling/DefaultTypeTransformation
Event: 3103.334 loading class org/codehaus/groovy/runtime/typehandling/DefaultTypeTransformation done
Event: 3103.335 loading class groovy/runtime/metaclass/org/gradle/api/internal/file/collections/DefaultConfigurableFileCollectionMetaClass
Event: 3103.335 loading class groovy/runtime/metaclass/org/gradle/api/internal/file/collections/DefaultConfigurableFileCollectionMetaClass done


Dynamic libraries:
0x00007ff622560000 - 0x00007ff622597000 	C:\Program Files\Java\jdk1.8.0_101\bin\java.exe
0x00007ff9f99f0000 - 0x00007ff9f9bb1000 	C:\WINDOWS\SYSTEM32\ntdll.dll
0x00007ff9f7b00000 - 0x00007ff9f7bad000 	C:\WINDOWS\system32\KERNEL32.DLL
0x00007ff9f6a10000 - 0x00007ff9f6bf8000 	C:\WINDOWS\system32\KERNELBASE.dll
0x00007ff9f7120000 - 0x00007ff9f71c7000 	C:\WINDOWS\system32\ADVAPI32.dll
0x00007ff9f7a50000 - 0x00007ff9f7aed000 	C:\WINDOWS\system32\msvcrt.dll
0x00007ff9f6ca0000 - 0x00007ff9f6cfb000 	C:\WINDOWS\system32\sechost.dll
0x00007ff9f71d0000 - 0x00007ff9f72ec000 	C:\WINDOWS\system32\RPCRT4.dll
0x00007ff9f78f0000 - 0x00007ff9f7a46000 	C:\WINDOWS\system32\USER32.dll
0x00007ff9f6d00000 - 0x00007ff9f6e86000 	C:\WINDOWS\system32\GDI32.dll
0x00007ff9eeaf0000 - 0x00007ff9eed64000 	C:\WINDOWS\WinSxS\amd64_microsoft.windows.common-controls_6595b64144ccf1df_6.0.10586.494_none_a2d8b04ea53e3145\COMCTL32.dll
0x00007ff9f6ea0000 - 0x00007ff9f711d000 	C:\WINDOWS\system32\combase.dll
0x00007ff9f5fd0000 - 0x00007ff9f603a000 	C:\WINDOWS\system32\bcryptPrimitives.dll
0x00007ff9f72f0000 - 0x00007ff9f732b000 	C:\WINDOWS\system32\IMM32.DLL
0x00007ff9f5cd0000 - 0x00007ff9f5d01000 	C:\Windows\system32\nvinitx.dll
0x00007ff9f5cc0000 - 0x00007ff9f5cca000 	C:\WINDOWS\SYSTEM32\VERSION.dll
0x000000005d3a0000 - 0x000000005d472000 	C:\Program Files\Java\jdk1.8.0_101\jre\bin\msvcr100.dll
0x000000005f0f0000 - 0x000000005f98a000 	C:\Program Files\Java\jdk1.8.0_101\jre\bin\server\jvm.dll
0x00007ff9f5f50000 - 0x00007ff9f5f73000 	C:\WINDOWS\system32\WINMM.dll
0x00007ff9f5de0000 - 0x00007ff9f5e0c000 	C:\WINDOWS\system32\WINMMBASE.dll
0x00007ff9f5f80000 - 0x00007ff9f5fc3000 	C:\WINDOWS\system32\cfgmgr32.dll
0x00007ff9f6e90000 - 0x00007ff9f6e98000 	C:\WINDOWS\system32\PSAPI.DLL
0x00007ff9e8e90000 - 0x00007ff9e8e99000 	C:\WINDOWS\SYSTEM32\WSOCK32.dll
0x00007ff9f96a0000 - 0x00007ff9f970b000 	C:\WINDOWS\system32\WS2_32.dll
0x000000005f0e0000 - 0x000000005f0ef000 	C:\Program Files\Java\jdk1.8.0_101\jre\bin\verify.dll
0x000000005f0b0000 - 0x000000005f0d9000 	C:\Program Files\Java\jdk1.8.0_101\jre\bin\java.dll
0x000000005f090000 - 0x000000005f0a6000 	C:\Program Files\Java\jdk1.8.0_101\jre\bin\zip.dll
0x00007ff9f7dc0000 - 0x00007ff9f931c000 	C:\WINDOWS\system32\SHELL32.dll
0x00007ff9f63c0000 - 0x00007ff9f6a05000 	C:\WINDOWS\system32\windows.storage.dll
0x00007ff9f77f0000 - 0x00007ff9f7842000 	C:\WINDOWS\system32\shlwapi.dll
0x00007ff9f5e30000 - 0x00007ff9f5e3f000 	C:\WINDOWS\system32\kernel.appcore.dll
0x00007ff9f6300000 - 0x00007ff9f63b5000 	C:\WINDOWS\system32\shcore.dll
0x00007ff9f5e50000 - 0x00007ff9f5e9b000 	C:\WINDOWS\system32\powrprof.dll
0x00007ff9f5e10000 - 0x00007ff9f5e24000 	C:\WINDOWS\system32\profapi.dll
0x000000005f070000 - 0x000000005f08a000 	C:\Program Files\Java\jdk1.8.0_101\jre\bin\net.dll
0x00007ff9f5630000 - 0x00007ff9f568c000 	C:\WINDOWS\system32\mswsock.dll
0x000000005f050000 - 0x000000005f061000 	C:\Program Files\Java\jdk1.8.0_101\jre\bin\nio.dll
0x00007ff9e70f0000 - 0x00007ff9e7102000 	C:\Users\QiXing\.gradle\native\19\windows-amd64\native-platform.dll
0x00007ff9ed560000 - 0x00007ff9ed598000 	C:\WINDOWS\SYSTEM32\IPHLPAPI.DLL
0x00007ff9f6c30000 - 0x00007ff9f6c38000 	C:\WINDOWS\system32\NSI.dll
0x00007ff9ed3c0000 - 0x00007ff9ed3d6000 	C:\WINDOWS\SYSTEM32\dhcpcsvc6.DLL
0x00007ff9ed3a0000 - 0x00007ff9ed3ba000 	C:\WINDOWS\SYSTEM32\dhcpcsvc.DLL
0x00007ff9f56e0000 - 0x00007ff9f56f7000 	C:\WINDOWS\SYSTEM32\CRYPTSP.dll
0x00007ff9f5370000 - 0x00007ff9f53a4000 	C:\WINDOWS\system32\rsaenh.dll
0x00007ff9f5d10000 - 0x00007ff9f5d39000 	C:\WINDOWS\SYSTEM32\bcrypt.dll
0x00007ff9f54c0000 - 0x00007ff9f54df000 	C:\WINDOWS\SYSTEM32\USERENV.dll
0x00007ff9f5800000 - 0x00007ff9f580b000 	C:\WINDOWS\SYSTEM32\CRYPTBASE.dll
0x000000005ee50000 - 0x000000005ee5d000 	C:\Program Files\Java\jdk1.8.0_101\jre\bin\management.dll

VM Arguments:
jvm_args: -XX:MaxPermSize=256m -XX:+HeapDumpOnOutOfMemoryError -Xmx1024m -Dfile.encoding=GBK -Duser.country=CN -Duser.language=zh -Duser.variant 
java_command: org.gradle.launcher.daemon.bootstrap.GradleDaemon 2.10
java_class_path (initial): C:\Program Files\Android\Android Studio\gradle\gradle-2.10\lib\gradle-launcher-2.10.jar
Launcher Type: SUN_STANDARD

Environment Variables:
JAVA_HOME=C:\Program Files (x86)\Java\jdk1.6.0_43
CLASSPATH=.;C:\Program Files (x86)\Java\jdk1.6.0_43\lib\dt.jar;C:\Program Files (x86)\Java\jdk1.6.0_43\lib\tools.jar;
PATH=C:\Program Files\Common Files\Microsoft Shared\Windows Live;C:\Program Files (x86)\Java\jdk1.6.0_43\bin;C:\Program Files (x86)\Java\jdk1.6.0_43\jre\bin;C:\Program Files (x86)\NVIDIA Corporation\PhysX\Common;C:\Windows\system32;C:\Windows;C:\Windows\System32\Wbem;C:\Windows\System32\WindowsPowerShell\v1.0\;C:\Program Files (x86)\Windows7Master;C:\Program Files\Microsoft SQL Server\120\Tools\Binn\;C:\Program Files (x86)\Windows Kits\10\Windows Performance Toolkit\;F:\Matlab\runtime\win64;F:\Matlab\bin;F:\Matlab\polyspace\bin;C:\WINDOWS\system32;C:\WINDOWS;C:\WINDOWS\System32\Wbem;C:\WINDOWS\System32\WindowsPowerShell\v1.0\;F:\SPSS\JRE\bin;C:\Program Files\Java\jdk1.8.0_101\bin;E:\Git\cmd;C:\Program Files (x86)\Microsoft SQL Server\110\DTS\Binn\;C:\Program Files (x86)\Microsoft SQL Server\110\Tools\Binn\;C:\Program Files (x86)\Microsoft SQL Server\110\Tools\Binn\ManagementStudio\;C:\Program Files (x86)\Microsoft Visual Studio 10.0\Common7\IDE\PrivateAssemblies\;F:\anaconda;F:\anaconda\Scripts;F:\anaconda\Library\bin;C:\Program Files\Common Files\Microsoft Shared\Windows Live
USERNAME=Michael
OS=Windows_NT
PROCESSOR_IDENTIFIER=Intel64 Family 6 Model 69 Stepping 1, GenuineIntel



---------------  S Y S T E M  ---------------

OS: Windows 10.0 , 64 bit Build 10586 (10.0.10586.0)

CPU:total 4 (2 cores per cpu, 2 threads per core) family 6 model 69 stepping 1, cmov, cx8, fxsr, mmx, sse, sse2, sse3, ssse3, sse4.1, sse4.2, popcnt, avx, avx2, aes, clmul, erms, lzcnt, ht, tsc, tscinvbit, bmi1, bmi2

Memory: 4k page, physical 4088172k(781152k free), swap 8266092k(5788k free)

vm_info: Java HotSpot(TM) 64-Bit Server VM (25.101-b13) for windows-amd64 JRE (1.8.0_101-b13), built on Jun 22 2016 01:21:29 by "java_re" with MS VC++ 10.0 (VS2010)

time: Fri Nov 18 10:36:19 2016
elapsed time: 3105 seconds (0d 0h 51m 45s)

