#
# There is insufficient memory for the Java Runtime Environment to continue.
# Native memory allocation (malloc) failed to allocate 32744 bytes for ChunkPool::allocate
# Possible reasons:
#   The system is out of physical RAM or swap space
#   In 32 bit mode, the process size limit was hit
# Possible solutions:
#   Reduce memory load on the system
#   Increase physical memory or swap space
#   Check if swap backing store is full
#   Use 64 bit Java on a 64 bit OS
#   Decrease Java heap size (-Xmx/-Xms)
#   Decrease number of Java threads
#   Decrease Java thread stack sizes (-Xss)
#   Set larger code cache with -XX:ReservedCodeCacheSize=
# This output file may be truncated or incomplete.
#
#  Out of Memory Error (allocation.cpp:273), pid=452, tid=0x00000000000015fc
#
# JRE version: Java(TM) SE Runtime Environment (8.0_101-b13) (build 1.8.0_101-b13)
# Java VM: Java HotSpot(TM) 64-Bit Server VM (25.101-b13 mixed mode windows-amd64 compressed oops)
# Failed to write core dump. Minidumps are not enabled by default on client versions of Windows
#

---------------  T H R E A D  ---------------

Current thread (0x0000000014cbe800):  JavaThread "C2 CompilerThread1" daemon [_thread_in_native, id=5628, stack(0x0000000016820000,0x0000000016920000)]

Stack: [0x0000000016820000,0x0000000016920000]
[error occurred during error reporting (printing stack bounds), id 0xc0000005]

Native frames: (J=compiled Java code, j=interpreted, Vv=VM code, C=native code)


Current CompileTask:
C2:    286   24       4       sun.misc.ASCIICaseInsensitiveComparator::toLower (16 bytes)


---------------  P R O C E S S  ---------------

Java Threads: ( => current thread )
  0x000000001649f800 JavaThread "Service Thread" daemon [_thread_blocked, id=9096, stack(0x0000000016a20000,0x0000000016b20000)]
  0x0000000016423800 JavaThread "C1 CompilerThread2" daemon [_thread_blocked, id=24068, stack(0x0000000016920000,0x0000000016a20000)]
=>0x0000000014cbe800 JavaThread "C2 CompilerThread1" daemon [_thread_in_native, id=5628, stack(0x0000000016820000,0x0000000016920000)]
  0x0000000014cbc000 JavaThread "C2 CompilerThread0" daemon [_thread_blocked, id=18148, stack(0x0000000016320000,0x0000000016420000)]
  0x0000000014cba000 JavaThread "Attach Listener" daemon [_thread_blocked, id=22260, stack(0x0000000016220000,0x0000000016320000)]
  0x0000000014cb9800 JavaThread "Signal Dispatcher" daemon [_thread_blocked, id=18248, stack(0x0000000016020000,0x0000000016120000)]
  0x0000000014c4a800 JavaThread "Finalizer" daemon [_thread_blocked, id=9156, stack(0x0000000015ec0000,0x0000000015fc0000)]
  0x0000000014c29000 JavaThread "Reference Handler" daemon [_thread_blocked, id=11588, stack(0x0000000015dc0000,0x0000000015ec0000)]
  0x00000000008ed800 JavaThread "main" [_thread_in_vm, id=15724, stack(0x0000000002390000,0x0000000002490000)]

Other Threads:
  0x0000000014c27800 VMThread [stack: 0x0000000015cc0000,0x0000000015dc0000] [id=6260]
  0x00000000164ce800 WatcherThread [stack: 0x0000000016b20000,0x0000000016c20000] [id=1348]

VM state:not at safepoint (normal execution)

VM Mutex/Monitor currently owned by a thread: None

Heap:
 PSYoungGen      total 18944K, used 1655K [0x00000000eab00000, 0x00000000ec000000, 0x0000000100000000)
  eden space 16384K, 10% used [0x00000000eab00000,0x00000000eac9dea8,0x00000000ebb00000)
  from space 2560K, 0% used [0x00000000ebd80000,0x00000000ebd80000,0x00000000ec000000)
  to   space 2560K, 0% used [0x00000000ebb00000,0x00000000ebb00000,0x00000000ebd80000)
 ParOldGen       total 44032K, used 0K [0x00000000c0000000, 0x00000000c2b00000, 0x00000000eab00000)
  object space 44032K, 0% used [0x00000000c0000000,0x00000000c0000000,0x00000000c2b00000)
 Metaspace       used 2964K, capacity 4656K, committed 4864K, reserved 1056768K
  class space    used 322K, capacity 424K, committed 512K, reserved 1048576K

Card table byte_map: [0x0000000011950000,0x0000000011b60000] byte_map_base: 0x0000000011350000

Marking Bits: (ParMarkBitMap*) 0x000000005f90a6d0
 Begin Bits: [0x00000000120c0000, 0x00000000130c0000)
 End Bits:   [0x00000000130c0000, 0x00000000140c0000)

Polling page: 0x00000000008b0000

CodeCache: size=245760Kb used=1117Kb max_used=1117Kb free=244642Kb
 bounds [0x0000000002590000, 0x0000000002800000, 0x0000000011590000]
 total_blobs=275 nmethods=37 adapters=151
 compilation: enabled

Compilation events (10 events):
Event: 0.251 Thread 0x0000000016423800   18       3       java.io.WinNTFileSystem::isSlash (18 bytes)
Event: 0.251 Thread 0x0000000016423800 nmethod 18 0x00000000026a0210 code [0x00000000026a0360, 0x00000000026a0550]
Event: 0.251 Thread 0x0000000016423800   20  s    3       java.lang.StringBuffer::append (13 bytes)
Event: 0.252 Thread 0x0000000016423800 nmethod 20 0x00000000026a05d0 code [0x00000000026a0760, 0x00000000026a0c48]
Event: 0.253 Thread 0x0000000016423800   21       3       java.lang.String::indexOf (7 bytes)
Event: 0.253 Thread 0x0000000016423800 nmethod 21 0x00000000026a0e90 code [0x00000000026a1000, 0x00000000026a1208]
Event: 0.264 Thread 0x0000000016423800   22       3       java.util.jar.Attributes$Name::isValid (32 bytes)
Event: 0.264 Thread 0x0000000014cbe800   24       4       sun.misc.ASCIICaseInsensitiveComparator::toLower (16 bytes)
Event: 0.264 Thread 0x0000000014cbc000   25       4       sun.misc.ASCIICaseInsensitiveComparator::isUpper (18 bytes)
Event: 0.264 Thread 0x0000000016423800 nmethod 22 0x00000000026a3390 code [0x00000000026a3500, 0x00000000026a3990]

GC Heap History (0 events):
No events

Deoptimization events (0 events):
No events

Internal exceptions (2 events):
Event: 0.092 Thread 0x00000000008ed800 Exception <a 'java/lang/NoSuchMethodError': Method sun.misc.Unsafe.defineClass(Ljava/lang/String;[BII)Ljava/lang/Class; name or signature does not match> (0x00000000eab07cc0) thrown at [C:\re\workspace\8-2-build-windows-amd64-cygwin\jdk8u101\7261\hotspot\s3ƒœÍž·?
Event: 0.092 Thread 0x00000000008ed800 Exception <a 'java/lang/NoSuchMethodError': Method sun.misc.Unsafe.prefetchRead(Ljava/lang/Object;J)V name or signature does not match> (0x00000000eab07fa8) thrown at [C:\re\workspace\8-2-build-windows-amd64-cygwin\jdk8u101\7261\hotspot\src\share\vm\prims\

Events (10 events):
Event: 0.263 loading class sun/misc/Resource
Event: 0.263 loading class sun/misc/Resource done
Event: 0.263 loading class sun/misc/URLClassPath$JarLoader$2 done
Event: 0.263 loading class java/util/jar/Attributes
Event: 0.263 loading class java/util/jar/Attributes done
Event: 0.263 loading class java/util/jar/Manifest$FastInputStream
Event: 0.263 loading class java/util/jar/Manifest$FastInputStream done
Event: 0.263 loading class java/util/jar/Attributes$Name
Event: 0.264 loading class java/util/jar/Attributes$Name done
Event: 0.264 loading class java/util/jar/JarVerifier


Dynamic libraries:
0x00007ff697140000 - 0x00007ff697177000 	C:\Program Files\Java\jdk1.8.0_101\bin\java.exe
0x00007ff9f99f0000 - 0x00007ff9f9bb1000 	C:\WINDOWS\SYSTEM32\ntdll.dll
0x00007ff9f7b00000 - 0x00007ff9f7bad000 	C:\WINDOWS\system32\KERNEL32.DLL
0x00007ff9f6a10000 - 0x00007ff9f6bf8000 	C:\WINDOWS\system32\KERNELBASE.dll
0x00007ff9f7120000 - 0x00007ff9f71c7000 	C:\WINDOWS\system32\ADVAPI32.dll
0x00007ff9f7a50000 - 0x00007ff9f7aed000 	C:\WINDOWS\system32\msvcrt.dll
0x00007ff9f6ca0000 - 0x00007ff9f6cfb000 	C:\WINDOWS\system32\sechost.dll
0x00007ff9f71d0000 - 0x00007ff9f72ec000 	C:\WINDOWS\system32\RPCRT4.dll
0x00007ff9f78f0000 - 0x00007ff9f7a46000 	C:\WINDOWS\system32\USER32.dll
0x00007ff9f6d00000 - 0x00007ff9f6e86000 	C:\WINDOWS\system32\GDI32.dll
0x00007ff9eeaf0000 - 0x00007ff9eed64000 	C:\WINDOWS\WinSxS\amd64_microsoft.windows.common-controls_6595b64144ccf1df_6.0.10586.494_none_a2d8b04ea53e3145\COMCTL32.dll
0x00007ff9f6ea0000 - 0x00007ff9f711d000 	C:\WINDOWS\system32\combase.dll
0x00007ff9f5fd0000 - 0x00007ff9f603a000 	C:\WINDOWS\system32\bcryptPrimitives.dll
0x00007ff9f72f0000 - 0x00007ff9f732b000 	C:\WINDOWS\system32\IMM32.DLL
0x00007ff9f5cd0000 - 0x00007ff9f5d01000 	C:\Windows\system32\nvinitx.dll
0x00007ff9f5cc0000 - 0x00007ff9f5cca000 	C:\WINDOWS\SYSTEM32\VERSION.dll
0x000000005e5b0000 - 0x000000005e682000 	C:\Program Files\Java\jdk1.8.0_101\jre\bin\msvcr100.dll
0x000000005f0f0000 - 0x000000005f98a000 	C:\Program Files\Java\jdk1.8.0_101\jre\bin\server\jvm.dll
0x00007ff9f5f50000 - 0x00007ff9f5f73000 	C:\WINDOWS\system32\WINMM.dll
0x00007ff9f5de0000 - 0x00007ff9f5e0c000 	C:\WINDOWS\system32\WINMMBASE.dll
0x00007ff9f5f80000 - 0x00007ff9f5fc3000 	C:\WINDOWS\system32\cfgmgr32.dll
0x00007ff9f6e90000 - 0x00007ff9f6e98000 	C:\WINDOWS\system32\PSAPI.DLL
0x00007ff9e8e90000 - 0x00007ff9e8e99000 	C:\WINDOWS\SYSTEM32\WSOCK32.dll
0x00007ff9f96a0000 - 0x00007ff9f970b000 	C:\WINDOWS\system32\WS2_32.dll
0x000000005f0e0000 - 0x000000005f0ef000 	C:\Program Files\Java\jdk1.8.0_101\jre\bin\verify.dll
0x000000005f0b0000 - 0x000000005f0d9000 	C:\Program Files\Java\jdk1.8.0_101\jre\bin\java.dll
0x000000005f090000 - 0x000000005f0a6000 	C:\Program Files\Java\jdk1.8.0_101\jre\bin\zip.dll
0x00007ff9f7dc0000 - 0x00007ff9f931c000 	C:\WINDOWS\system32\SHELL32.dll
0x00007ff9f63c0000 - 0x00007ff9f6a05000 	C:\WINDOWS\system32\windows.storage.dll
0x00007ff9f77f0000 - 0x00007ff9f7842000 	C:\WINDOWS\system32\shlwapi.dll
0x00007ff9f5e30000 - 0x00007ff9f5e3f000 	C:\WINDOWS\system32\kernel.appcore.dll
0x00007ff9f6300000 - 0x00007ff9f63b5000 	C:\WINDOWS\system32\shcore.dll
0x00007ff9f5e50000 - 0x00007ff9f5e9b000 	C:\WINDOWS\system32\powrprof.dll
0x00007ff9f5e10000 - 0x00007ff9f5e24000 	C:\WINDOWS\system32\profapi.dll

VM Arguments:
jvm_args: -Djava.awt.headless=true -Xmx1024M -Dfile.encoding=GBK -Duser.country=CN -Duser.language=zh -Duser.variant 
java_command: com.android.dx.command.Main --dex --force-jumbo --num-threads=4 --multi-dex --output C:\Users\QiXing\AndroidStudioProjects\FishApplication\app\build\intermediates\transforms\dex\debug\folders\1000\5\slice_4 C:\Users\QiXing\AndroidStudioProjects\FishApplication\app\build\intermediates\transforms\instantRunSlicer\debug\folders\1\5\slice_4
java_class_path (initial): C:\Users\QiXing\AppData\Local\Android\sdk\build-tools\23.0.3\lib\dx.jar
Launcher Type: SUN_STANDARD

Environment Variables:
JAVA_HOME=C:\Program Files (x86)\Java\jdk1.6.0_43
CLASSPATH=.;C:\Program Files (x86)\Java\jdk1.6.0_43\lib\dt.jar;C:\Program Files (x86)\Java\jdk1.6.0_43\lib\tools.jar;
PATH=C:\Program Files\Common Files\Microsoft Shared\Windows Live;C:\Program Files (x86)\Java\jdk1.6.0_43\bin;C:\Program Files (x86)\Java\jdk1.6.0_43\jre\bin;C:\Program Files (x86)\NVIDIA Corporation\PhysX\Common;C:\Windows\system32;C:\Windows;C:\Windows\System32\Wbem;C:\Windows\System32\WindowsPowerShell\v1.0\;C:\Program Files (x86)\Windows7Master;C:\Program Files\Microsoft SQL Server\120\Tools\Binn\;C:\Program Files (x86)\Windows Kits\10\Windows Performance Toolkit\;F:\Matlab\runtime\win64;F:\Matlab\bin;F:\Matlab\polyspace\bin;C:\WINDOWS\system32;C:\WINDOWS;C:\WINDOWS\System32\Wbem;C:\WINDOWS\System32\WindowsPowerShell\v1.0\;F:\SPSS\JRE\bin;C:\Program Files\Java\jdk1.8.0_101\bin;E:\Git\cmd;C:\Program Files (x86)\Microsoft SQL Server\110\DTS\Binn\;C:\Program Files (x86)\Microsoft SQL Server\110\Tools\Binn\;C:\Program Files (x86)\Microsoft SQL Server\110\Tools\Binn\ManagementStudio\;C:\Program Files (x86)\Microsoft Visual Studio 10.0\Common7\IDE\PrivateAssemblies\;F:\anaconda;F:\anaconda\Scripts;F:\anaconda\Library\bin;C:\Program Files\Common Files\Microsoft Shared\Windows Live
USERNAME=Michael
OS=Windows_NT
PROCESSOR_IDENTIFIER=Intel64 Family 6 Model 69 Stepping 1, GenuineIntel



---------------  S Y S T E M  ---------------

OS: Windows 10.0 , 64 bit Build 10586 (10.0.10586.0)

CPU:total 4 (2 cores per cpu, 2 threads per core) family 6 model 69 stepping 1, cmov, cx8, fxsr, mmx, sse, sse2, sse3, ssse3, sse4.1, sse4.2, popcnt, avx, avx2, aes, clmul, erms, lzcnt, ht, tsc, tscinvbit, bmi1, bmi2

Memory: 4k page, physical 4088172k(528020k free), swap 8266092k(852k free)

vm_info: Java HotSpot(TM) 64-Bit Server VM (25.101-b13) for windows-amd64 JRE (1.8.0_101-b13), built on Jun 22 2016 01:21:29 by "java_re" with MS VC++ 10.0 (VS2010)

time: Thu Nov 17 20:35:33 2016
elapsed time: 0 seconds (0d 0h 0m 0s)

