#
# There is insufficient memory for the Java Runtime Environment to continue.
# Native memory allocation (malloc) failed to allocate 1048576 bytes for AllocateHeap
# Possible reasons:
#   The system is out of physical RAM or swap space
#   In 32 bit mode, the process size limit was hit
# Possible solutions:
#   Reduce memory load on the system
#   Increase physical memory or swap space
#   Check if swap backing store is full
#   Use 64 bit Java on a 64 bit OS
#   Decrease Java heap size (-Xmx/-Xms)
#   Decrease number of Java threads
#   Decrease Java thread stack sizes (-Xss)
#   Set larger code cache with -XX:ReservedCodeCacheSize=
# This output file may be truncated or incomplete.
#
#  Out of Memory Error (memory/allocation.inline.hpp:61), pid=8944, tid=0x0000000000004970
#
# JRE version:  (8.0_101-b13) (build )
# Java VM: Java HotSpot(TM) 64-Bit Server VM (25.101-b13 mixed mode windows-amd64 compressed oops)
# Failed to write core dump. Minidumps are not enabled by default on client versions of Windows
#

---------------  T H R E A D  ---------------

Current thread (0x000000000251d800):  JavaThread "Unknown thread" [_thread_in_vm, id=18800, stack(0x0000000002380000,0x0000000002480000)]

Stack: [0x0000000002380000,0x0000000002480000]
[error occurred during error reporting (printing stack bounds), id 0xc0000005]

Native frames: (J=compiled Java code, j=interpreted, Vv=VM code, C=native code)


---------------  P R O C E S S  ---------------

Java Threads: ( => current thread )

Other Threads:

=>0x000000000251d800 (exited) JavaThread "Unknown thread" [_thread_in_vm, id=18800, stack(0x0000000002380000,0x0000000002480000)]

VM state:not at safepoint (normal execution)

VM Mutex/Monitor currently owned by a thread: None

Heap:
 PSYoungGen      total 18944K, used 327K [0x00000000eab00000, 0x00000000ec000000, 0x0000000100000000)
  eden space 16384K, 2% used [0x00000000eab00000,0x00000000eab51ec8,0x00000000ebb00000)
  from space 2560K, 0% used [0x00000000ebd80000,0x00000000ebd80000,0x00000000ec000000)
  to   space 2560K, 0% used [0x00000000ebb00000,0x00000000ebb00000,0x00000000ebd80000)
 ParOldGen       total 44032K, used 0K [0x00000000c0000000, 0x00000000c2b00000, 0x00000000eab00000)
  object space 44032K, 0% used [0x00000000c0000000,0x00000000c0000000,0x00000000c2b00000)
 Metaspace       used 769K, capacity 4480K, committed 4480K, reserved 1056768K
  class space    used 75K, capacity 384K, committed 384K, reserved 1048576K

Card table byte_map: [0x00000000119e0000,0x0000000011bf0000] byte_map_base: 0x00000000113e0000

Marking Bits: (ParMarkBitMap*) 0x000000005f90a6d0
 Begin Bits: [0x0000000012150000, 0x0000000013150000)
 End Bits:   [0x0000000013150000, 0x0000000014150000)

Polling page: 0x0000000000450000

CodeCache: size=245760Kb used=328Kb max_used=328Kb free=245431Kb
 bounds [0x0000000002620000, 0x0000000002890000, 0x0000000011620000]
 total_blobs=58 nmethods=0 adapters=38
 compilation: enabled

Compilation events (0 events):
No events

GC Heap History (0 events):
No events

Deoptimization events (0 events):
No events

Internal exceptions (0 events):
No events

Events (10 events):
Event: 0.144 loading class java/lang/Short
Event: 0.144 loading class java/lang/Short done
Event: 0.144 loading class java/lang/Integer
Event: 0.145 loading class java/lang/Integer done
Event: 0.145 loading class java/lang/Long
Event: 0.145 loading class java/lang/Long done
Event: 0.146 loading class java/lang/NullPointerException
Event: 0.146 loading class java/lang/NullPointerException done
Event: 0.146 loading class java/lang/ArithmeticException
Event: 0.147 loading class java/lang/ArithmeticException done


Dynamic libraries:
0x00007ff697140000 - 0x00007ff697177000 	C:\Program Files\Java\jdk1.8.0_101\bin\java.exe
0x00007ff9f99f0000 - 0x00007ff9f9bb1000 	C:\WINDOWS\SYSTEM32\ntdll.dll
0x00007ff9f7b00000 - 0x00007ff9f7bad000 	C:\WINDOWS\system32\KERNEL32.DLL
0x00007ff9f6a10000 - 0x00007ff9f6bf8000 	C:\WINDOWS\system32\KERNELBASE.dll
0x00007ff9f7120000 - 0x00007ff9f71c7000 	C:\WINDOWS\system32\ADVAPI32.dll
0x00007ff9f7a50000 - 0x00007ff9f7aed000 	C:\WINDOWS\system32\msvcrt.dll
0x00007ff9f6ca0000 - 0x00007ff9f6cfb000 	C:\WINDOWS\system32\sechost.dll
0x00007ff9f71d0000 - 0x00007ff9f72ec000 	C:\WINDOWS\system32\RPCRT4.dll
0x00007ff9f78f0000 - 0x00007ff9f7a46000 	C:\WINDOWS\system32\USER32.dll
0x00007ff9f6d00000 - 0x00007ff9f6e86000 	C:\WINDOWS\system32\GDI32.dll
0x00007ff9eeaf0000 - 0x00007ff9eed64000 	C:\WINDOWS\WinSxS\amd64_microsoft.windows.common-controls_6595b64144ccf1df_6.0.10586.494_none_a2d8b04ea53e3145\COMCTL32.dll
0x00007ff9f6ea0000 - 0x00007ff9f711d000 	C:\WINDOWS\system32\combase.dll
0x00007ff9f5fd0000 - 0x00007ff9f603a000 	C:\WINDOWS\system32\bcryptPrimitives.dll
0x00007ff9f72f0000 - 0x00007ff9f732b000 	C:\WINDOWS\system32\IMM32.DLL
0x00007ff9f5cd0000 - 0x00007ff9f5d01000 	C:\Windows\system32\nvinitx.dll
0x00007ff9f5cc0000 - 0x00007ff9f5cca000 	C:\WINDOWS\SYSTEM32\VERSION.dll
0x000000005e5b0000 - 0x000000005e682000 	C:\Program Files\Java\jdk1.8.0_101\jre\bin\msvcr100.dll
0x000000005f0f0000 - 0x000000005f98a000 	C:\Program Files\Java\jdk1.8.0_101\jre\bin\server\jvm.dll
0x00007ff9f5f50000 - 0x00007ff9f5f73000 	C:\WINDOWS\system32\WINMM.dll
0x00007ff9f5de0000 - 0x00007ff9f5e0c000 	C:\WINDOWS\system32\WINMMBASE.dll
0x00007ff9f5f80000 - 0x00007ff9f5fc3000 	C:\WINDOWS\system32\cfgmgr32.dll
0x00007ff9f6e90000 - 0x00007ff9f6e98000 	C:\WINDOWS\system32\PSAPI.DLL
0x00007ff9e8e90000 - 0x00007ff9e8e99000 	C:\WINDOWS\SYSTEM32\WSOCK32.dll
0x00007ff9f96a0000 - 0x00007ff9f970b000 	C:\WINDOWS\system32\WS2_32.dll
0x000000005f0e0000 - 0x000000005f0ef000 	C:\Program Files\Java\jdk1.8.0_101\jre\bin\verify.dll
0x000000005f0b0000 - 0x000000005f0d9000 	C:\Program Files\Java\jdk1.8.0_101\jre\bin\java.dll
0x000000005f090000 - 0x000000005f0a6000 	C:\Program Files\Java\jdk1.8.0_101\jre\bin\zip.dll

VM Arguments:
jvm_args: -Djava.awt.headless=true -Xmx1024M -Dfile.encoding=GBK -Duser.country=CN -Duser.language=zh -Duser.variant 
java_command: com.android.dx.command.Main --dex --force-jumbo --num-threads=4 --multi-dex --output C:\Users\QiXing\AndroidStudioProjects\FishApplication\app\build\intermediates\transforms\dex\debug\folders\1000\10\com.android.support-support-v4-23.3.0_09fe847b8563de745f8611310b0fa7393a1faeb7 C:\Users\QiXing\AndroidStudioProjects\FishApplication\app\build\intermediates\exploded-aar\com.android.support\support-v4\23.3.0\jars\classes.jar
java_class_path (initial): C:\Users\QiXing\AppData\Local\Android\sdk\build-tools\23.0.3\lib\dx.jar
Launcher Type: SUN_STANDARD

Environment Variables:
JAVA_HOME=C:\Program Files (x86)\Java\jdk1.6.0_43
CLASSPATH=.;C:\Program Files (x86)\Java\jdk1.6.0_43\lib\dt.jar;C:\Program Files (x86)\Java\jdk1.6.0_43\lib\tools.jar;
PATH=C:\Program Files\Common Files\Microsoft Shared\Windows Live;C:\Program Files (x86)\Java\jdk1.6.0_43\bin;C:\Program Files (x86)\Java\jdk1.6.0_43\jre\bin;C:\Program Files (x86)\NVIDIA Corporation\PhysX\Common;C:\Windows\system32;C:\Windows;C:\Windows\System32\Wbem;C:\Windows\System32\WindowsPowerShell\v1.0\;C:\Program Files (x86)\Windows7Master;C:\Program Files\Microsoft SQL Server\120\Tools\Binn\;C:\Program Files (x86)\Windows Kits\10\Windows Performance Toolkit\;F:\Matlab\runtime\win64;F:\Matlab\bin;F:\Matlab\polyspace\bin;C:\WINDOWS\system32;C:\WINDOWS;C:\WINDOWS\System32\Wbem;C:\WINDOWS\System32\WindowsPowerShell\v1.0\;F:\SPSS\JRE\bin;C:\Program Files\Java\jdk1.8.0_101\bin;E:\Git\cmd;C:\Program Files (x86)\Microsoft SQL Server\110\DTS\Binn\;C:\Program Files (x86)\Microsoft SQL Server\110\Tools\Binn\;C:\Program Files (x86)\Microsoft SQL Server\110\Tools\Binn\ManagementStudio\;C:\Program Files (x86)\Microsoft Visual Studio 10.0\Common7\IDE\PrivateAssemblies\;F:\anaconda;F:\anaconda\Scripts;F:\anaconda\Library\bin;C:\Program Files\Common Files\Microsoft Shared\Windows Live
USERNAME=Michael
OS=Windows_NT
PROCESSOR_IDENTIFIER=Intel64 Family 6 Model 69 Stepping 1, GenuineIntel



---------------  S Y S T E M  ---------------

OS: Windows 10.0 , 64 bit Build 10586 (10.0.10586.0)

CPU:total 4 (2 cores per cpu, 2 threads per core) family 6 model 69 stepping 1, cmov, cx8, fxsr, mmx, sse, sse2, sse3, ssse3, sse4.1, sse4.2, popcnt, avx, avx2, aes, clmul, erms, lzcnt, ht, tsc, tscinvbit, bmi1, bmi2

Memory: 4k page, physical 4088172k(502628k free), swap 8266092k(4600k free)

vm_info: Java HotSpot(TM) 64-Bit Server VM (25.101-b13) for windows-amd64 JRE (1.8.0_101-b13), built on Jun 22 2016 01:21:29 by "java_re" with MS VC++ 10.0 (VS2010)

time: Thu Nov 17 20:35:32 2016
elapsed time: 0 seconds (0d 0h 0m 0s)

